# JRE version: OpenJDK Runtime Environment JBR-11.0.14.1.1-1751.46-jcef (11.0.14.1+1) (build 11.0.14.1+1-b1751.46)
# Java VM: OpenJDK 64-Bit Server VM JBR-11.0.14.1.1-1751.46-jcef (11.0.14.1+1-b1751.46, mixed mode, tiered, compressed oops, g1 gc, windows-amd64)
Heap:
 garbage-first heap   total 454656K, used 164605K [0x0000000080000000, 0x0000000100000000)
  region size 1024K, 18 young (18432K), 3 survivors (3072K)
 Metaspace       used 129494K, capacity 134041K, committed 134356K, reserved 1167360K
  class space    used 15334K, capacity 16958K, committed 17152K, reserved 1048576K
GC Heap History (20 events):
Event: 18751.826 GC heap before
{Heap before GC invocations=263 (full 0):
 garbage-first heap   total 251904K, used 201305K [0x0000000080000000, 0x0000000100000000)
  region size 1024K, 52 young (53248K), 5 survivors (5120K)
 Metaspace       used 129111K, capacity 133642K, committed 134100K, reserved 1167360K
  class space    used 15312K, capacity 16944K, committed 17152K, reserved 1048576K
}
Event: 18751.835 GC heap after
{Heap after GC invocations=264 (full 0):
 garbage-first heap   total 251904K, used 160768K [0x0000000080000000, 0x0000000100000000)
  region size 1024K, 7 young (7168K), 7 survivors (7168K)
 Metaspace       used 129111K, capacity 133642K, committed 134100K, reserved 1167360K
  class space    used 15312K, capacity 16944K, committed 17152K, reserved 1048576K
}
Event: 18752.049 GC heap before
{Heap before GC invocations=265 (full 0):
 garbage-first heap   total 251904K, used 211968K [0x0000000080000000, 0x0000000100000000)
  region size 1024K, 50 young (51200K), 7 survivors (7168K)
 Metaspace       used 129154K, capacity 133642K, committed 134100K, reserved 1167360K
  class space    used 15312K, capacity 16944K, committed 17152K, reserved 1048576K
}
Event: 18752.056 GC heap after
{Heap after GC invocations=266 (full 0):
 garbage-first heap   total 251904K, used 173620K [0x0000000080000000, 0x0000000100000000)
  region size 1024K, 5 young (5120K), 5 survivors (5120K)
 Metaspace       used 129154K, capacity 133642K, committed 134100K, reserved 1167360K
  class space    used 15312K, capacity 16944K, committed 17152K, reserved 1048576K
}
Event: 18752.130 GC heap before
{Heap before GC invocations=266 (full 0):
 garbage-first heap   total 251904K, used 180788K [0x0000000080000000, 0x0000000100000000)
  region size 1024K, 12 young (12288K), 5 survivors (5120K)
 Metaspace       used 129164K, capacity 133644K, committed 134100K, reserved 1167360K
  class space    used 15312K, capacity 16944K, committed 17152K, reserved 1048576K
}
Event: 18752.135 GC heap after
{Heap after GC invocations=267 (full 0):
 garbage-first heap   total 251904K, used 173194K [0x0000000080000000, 0x0000000100000000)
  region size 1024K, 1 young (1024K), 1 survivors (1024K)
 Metaspace       used 129164K, capacity 133644K, committed 134100K, reserved 1167360K
  class space    used 15312K, capacity 16944K, committed 17152K, reserved 1048576K
}
Event: 18752.428 GC heap before
{Heap before GC invocations=267 (full 0):
 garbage-first heap   total 251904K, used 204938K [0x0000000080000000, 0x0000000100000000)
  region size 1024K, 33 young (33792K), 1 survivors (1024K)
 Metaspace       used 129181K, capacity 133646K, committed 134100K, reserved 1167360K
  class space    used 15312K, capacity 16944K, committed 17152K, reserved 1048576K
}
Event: 18752.435 GC heap after
{Heap after GC invocations=268 (full 0):
 garbage-first heap   total 251904K, used 177701K [0x0000000080000000, 0x0000000100000000)
  region size 1024K, 5 young (5120K), 5 survivors (5120K)
 Metaspace       used 129181K, capacity 133646K, committed 134100K, reserved 1167360K
  class space    used 15312K, capacity 16944K, committed 17152K, reserved 1048576K
}
Event: 18752.501 GC heap before
{Heap before GC invocations=268 (full 0):
 garbage-first heap   total 251904K, used 214565K [0x0000000080000000, 0x0000000100000000)
  region size 1024K, 38 young (38912K), 5 survivors (5120K)
 Metaspace       used 129196K, capacity 133712K, committed 134100K, reserved 1167360K
  class space    used 15314K, capacity 16944K, committed 17152K, reserved 1048576K
}
Event: 18752.510 GC heap after
{Heap after GC invocations=269 (full 0):
 garbage-first heap   total 251904K, used 187114K [0x0000000080000000, 0x0000000100000000)
  region size 1024K, 5 young (5120K), 5 survivors (5120K)
 Metaspace       used 129196K, capacity 133712K, committed 134100K, reserved 1167360K
  class space    used 15314K, capacity 16944K, committed 17152K, reserved 1048576K
}
Event: 18752.542 GC heap before
{Heap before GC invocations=269 (full 0):
 garbage-first heap   total 251904K, used 210666K [0x0000000080000000, 0x0000000100000000)
  region size 1024K, 29 young (29696K), 5 survivors (5120K)
 Metaspace       used 129197K, capacity 133712K, committed 134100K, reserved 1167360K
  class space    used 15314K, capacity 16944K, committed 17152K, reserved 1048576K
}
Event: 18752.550 GC heap after
{Heap after GC invocations=270 (full 0):
 garbage-first heap   total 303104K, used 192251K [0x0000000080000000, 0x0000000100000000)
  region size 1024K, 4 young (4096K), 4 survivors (4096K)
 Metaspace       used 129197K, capacity 133712K, committed 134100K, reserved 1167360K
  class space    used 15314K, capacity 16944K, committed 17152K, reserved 1048576K
}
Event: 18752.841 GC heap before
{Heap before GC invocations=271 (full 0):
 garbage-first heap   total 303104K, used 223995K [0x0000000080000000, 0x0000000100000000)
  region size 1024K, 52 young (53248K), 4 survivors (4096K)
 Metaspace       used 129221K, capacity 133713K, committed 134100K, reserved 1167360K
  class space    used 15314K, capacity 16944K, committed 17152K, reserved 1048576K
}
Event: 18752.847 GC heap after
{Heap after GC invocations=272 (full 0):
 garbage-first heap   total 303104K, used 178020K [0x0000000080000000, 0x0000000100000000)
  region size 1024K, 5 young (5120K), 5 survivors (5120K)
 Metaspace       used 129221K, capacity 133713K, committed 134100K, reserved 1167360K
  class space    used 15314K, capacity 16944K, committed 17152K, reserved 1048576K
}
Event: 18752.872 GC heap before
{Heap before GC invocations=272 (full 0):
 garbage-first heap   total 303104K, used 187236K [0x0000000080000000, 0x0000000100000000)
  region size 1024K, 14 young (14336K), 5 survivors (5120K)
 Metaspace       used 129221K, capacity 133713K, committed 134100K, reserved 1167360K
  class space    used 15314K, capacity 16944K, committed 17152K, reserved 1048576K
}
Event: 18752.886 GC heap after
{Heap after GC invocations=273 (full 0):
 garbage-first heap   total 303104K, used 161711K [0x0000000080000000, 0x0000000100000000)
  region size 1024K, 2 young (2048K), 2 survivors (2048K)
 Metaspace       used 129221K, capacity 133713K, committed 134100K, reserved 1167360K
  class space    used 15314K, capacity 16944K, committed 17152K, reserved 1048576K
}
Event: 18753.066 GC heap before
{Heap before GC invocations=273 (full 0):
 garbage-first heap   total 303104K, used 176047K [0x0000000080000000, 0x0000000100000000)
  region size 1024K, 14 young (14336K), 2 survivors (2048K)
 Metaspace       used 129272K, capacity 133742K, committed 134100K, reserved 1167360K
  class space    used 15321K, capacity 16951K, committed 17152K, reserved 1048576K
}
Event: 18753.074 GC heap after
{Heap after GC invocations=274 (full 0):
 garbage-first heap   total 303104K, used 161741K [0x0000000080000000, 0x0000000100000000)
  region size 1024K, 1 young (1024K), 1 survivors (1024K)
 Metaspace       used 129272K, capacity 133742K, committed 134100K, reserved 1167360K
  class space    used 15321K, capacity 16951K, committed 17152K, reserved 1048576K
}
Event: 18753.091 GC heap before
{Heap before GC invocations=274 (full 0):
 garbage-first heap   total 303104K, used 161741K [0x0000000080000000, 0x0000000100000000)
  region size 1024K, 2 young (2048K), 1 survivors (1024K)
 Metaspace       used 129287K, capacity 133811K, committed 134356K, reserved 1167360K
  class space    used 15322K, capacity 16952K, committed 17152K, reserved 1048576K
}
Event: 18753.137 GC heap after
{Heap after GC invocations=275 (full 0):
 garbage-first heap   total 454656K, used 161613K [0x0000000080000000, 0x0000000100000000)
  region size 1024K, 1 young (1024K), 1 survivors (1024K)
 Metaspace       used 129287K, capacity 133811K, committed 134356K, reserved 1167360K
  class space    used 15322K, capacity 16952K, committed 17152K, reserved 1048576K
}

